<?xml version="1.0" encoding="UTF-8"?>
<testsuite xmlns:xsi="http://www.w3.org/2001/XMLSchema-instance" xsi:noNamespaceSchemaLocation="https://maven.apache.org/surefire/maven-surefire-plugin/xsd/surefire-test-report-3.0.xsd" version="3.0" name="TestSuite" time="3.23" tests="1" errors="0" skipped="0" failures="0">
  <properties>
[...]
</properties>
  <testcase name="runScenario[&quot;Verify that user is able to login successfully.&quot;, &quot;Login Test Cases&quot;](1)" classname="Testrunners.TestRunner" time="2.407">
    <system-out><![CDATA[
Scenario: Verify that user is able to login successfully. # src/test/Features/login.feature:3
chrome
  Given the user is on login page                         # StepDefinitions.StepDefinitions1.navigate_to_login_page()
  Then check if the page title is correct                 # StepDefinitions.StepDefinitions1.check_page_title()
loginPage.searchBox
  When I click on element "loginPage.searchBox"           # StepDefinitions.StepDefinitions1.I_click_on_element(java.lang.String)
]]></system-out>
    <system-err><![CDATA[SLF4J: Failed to load class "org.slf4j.impl.StaticLoggerBinder".
SLF4J: Defaulting to no-operation (NOP) logger implementation
SLF4J: See http://www.slf4j.org/codes.html#StaticLoggerBinder for further details.
]]></system-err>
  </testcase>
</testsuite>